<?xml version="1.0" encoding="UTF-8"?>
<!-- Generated by org.testng.reporters.JUnitReportReporter -->
<testsuite skipped="0" hostname="LAPTOP-PATGFM90" name="com.jira.apis.Secondassignment" tests="2" failures="0" timestamp="30 Jun 2020 11:40:15 GMT" time="7.074" errors="0">
  <testcase name="testUserdetail" time="2.299" classname="com.jira.apis.Secondassignment"/>
  <testcase name="createIssue" time="4.775" classname="com.jira.apis.Secondassignment"/>
</testsuite> <!-- com.jira.apis.Secondassignment -->
