<?xml version="1.0" encoding="UTF-8"?>
<!-- Generated by org.testng.reporters.JUnitReportReporter -->
<testsuite skipped="0" hostname="LAPTOP-PATGFM90" name="com.jira.apis.Firstsampletest" tests="4" failures="0" timestamp="01 Jul 2020 09:20:48 GMT" time="7.223" errors="0">
  <testcase name="testUserdetail" time="2.556" classname="com.jira.apis.Firstsampletest"/>
  <testcase name="createIssue" time="3.864" classname="com.jira.apis.Firstsampletest"/>
  <testcase name="createComment" time="0.415" classname="com.jira.apis.Firstsampletest"/>
  <testcase name="createAttachment" time="0.388" classname="com.jira.apis.Firstsampletest"/>
</testsuite> <!-- com.jira.apis.Firstsampletest -->
