<?xml version="1.0" encoding="UTF-8"?>
<!-- Generated by org.testng.reporters.JUnitReportReporter -->
<testsuite skipped="0" hostname="LAPTOP-PATGFM90" name="modifiedassignment.Jiraapi" tests="1" failures="0" timestamp="24 Jun 2020 18:16:34 GMT" time="2.225" errors="0">
  <testcase name="createSession" time="2.225" classname="modifiedassignment.Jiraapi"/>
</testsuite> <!-- modifiedassignment.Jiraapi -->
