<?xml version="1.0" encoding="UTF-8"?>
<!-- Generated by org.testng.reporters.JUnitReportReporter -->
<testsuite skipped="0" hostname="LAPTOP-PATGFM90" name="com.serializationusingemployeeapi.Testserialization" tests="1" failures="0" timestamp="07 Jul 2020 12:55:53 GMT" time="3.995" errors="0">
  <testcase name="testPostserialization" time="3.995" classname="com.serializationusingemployeeapi.Testserialization"/>
</testsuite> <!-- com.serializationusingemployeeapi.Testserialization -->
