<?xml version="1.0" encoding="UTF-8"?>
<!-- Generated by org.testng.reporters.JUnitReportReporter -->
<testsuite skipped="0" hostname="LAPTOP-PATGFM90" name="com.serializationusingemployeeapi.Cardetails" tests="1" failures="0" timestamp="08 Jul 2020 16:03:00 GMT" time="5.475" errors="0">
  <testcase name="testDetails" time="5.475" classname="com.serializationusingemployeeapi.Cardetails"/>
</testsuite> <!-- com.serializationusingemployeeapi.Cardetails -->
