<?xml version="1.0" encoding="UTF-8"?>
<!-- Generated by org.testng.reporters.JUnitReportReporter -->
<testsuite skipped="0" hostname="LAPTOP-PATGFM90" name="Runner" tests="1" failures="0" timestamp="10 Jul 2020 19:21:55 GMT" time="2.935" errors="0">
  <testcase name="testDetail" time="2.935" classname="Runner"/>
</testsuite> <!-- Runner -->
