<?xml version="1.0" encoding="UTF-8"?>
<!-- Generated by org.testng.reporters.JUnitReportReporter -->
<testsuite skipped="0" hostname="LAPTOP-PATGFM90" name="com.assign.Runner" tests="1" failures="0" timestamp="09 Jul 2020 12:52:29 GMT" time="5.337" errors="0">
  <testcase name="testDetails" time="5.337" classname="com.assign.Runner"/>
</testsuite> <!-- com.assign.Runner -->
