<?xml version="1.0" encoding="UTF-8"?>
<!-- Generated by org.testng.reporters.JUnitReportReporter -->
<testsuite skipped="0" hostname="LAPTOP-PATGFM90" name="com.jira.apis.Assertassignment" tests="4" failures="0" timestamp="01 Jul 2020 16:14:21 GMT" time="7.136" errors="0">
  <testcase name="createSession" time="3.447" classname="com.jira.apis.Assertassignment"/>
  <testcase name="createIssue" time="2.330" classname="com.jira.apis.Assertassignment"/>
  <testcase name="addComment" time="0.671" classname="com.jira.apis.Assertassignment"/>
  <testcase name="addAttachment" time="0.688" classname="com.jira.apis.Assertassignment"/>
</testsuite> <!-- com.jira.apis.Assertassignment -->
